<?xml version="1.0" encoding="UTF-8"?>
<testsuite name="exampletest" tests="1" skipped="0" failures="0" errors="0" timestamp="2021-11-11T03:12:36" hostname="DESKTOP-KVG0DVO" time="0.269">
  <properties/>
  <testcase name="test" classname="exampletest" time="0.269"/>
  <system-out><![CDATA[]]></system-out>
  <system-err><![CDATA[]]></system-err>
</testsuite>
